\BOOKMARK [1][-]{section.1}{Question 1}{}% 1
\BOOKMARK [2][-]{subsection.1.1}{Part a}{section.1}% 2
\BOOKMARK [2][-]{subsection.1.2}{Part b}{section.1}% 3
\BOOKMARK [1][-]{section.2}{Question 2}{}% 4
\BOOKMARK [2][-]{subsection.2.1}{Part a}{section.2}% 5
\BOOKMARK [2][-]{subsection.2.2}{Part b}{section.2}% 6
\BOOKMARK [2][-]{subsection.2.3}{Part C}{section.2}% 7
\BOOKMARK [2][-]{subsection.2.4}{Part D}{section.2}% 8
\BOOKMARK [1][-]{section.3}{Question 3}{}% 9
\BOOKMARK [2][-]{subsection.3.1}{Part a}{section.3}% 10
\BOOKMARK [2][-]{subsection.3.2}{Part b}{section.3}% 11
\BOOKMARK [2][-]{subsection.3.3}{Part c}{section.3}% 12
\BOOKMARK [2][-]{subsection.3.4}{Part d}{section.3}% 13
\BOOKMARK [2][-]{subsection.3.5}{Part e}{section.3}% 14
\BOOKMARK [1][-]{section.4}{Question 4}{}% 15
\BOOKMARK [2][-]{subsection.4.1}{Part a}{section.4}% 16
\BOOKMARK [2][-]{subsection.4.2}{Part b}{section.4}% 17
\BOOKMARK [2][-]{subsection.4.3}{Part c}{section.4}% 18
\BOOKMARK [2][-]{subsection.4.4}{Part D}{section.4}% 19
\BOOKMARK [1][-]{section.5}{Problem 5}{}% 20
\BOOKMARK [2][-]{subsection.5.1}{Part a}{section.5}% 21
\BOOKMARK [2][-]{subsection.5.2}{Part b}{section.5}% 22
